<?xml version="1.0" encoding="UTF-8"?>
<!-- Generated by org.testng.reporters.JUnitReportReporter -->
<testsuite skipped="0" hostname="MX-60010073" name="com.qa.hubspot.tests.LoginTest" tests="1" failures="0" timestamp="2020-03-26T16:19:34 CET" time="21.149" errors="0">
  <testcase name="loginCorrectCredentialsTest" time="21.149" classname="com.qa.hubspot.tests.LoginTest"/>
</testsuite> <!-- com.qa.hubspot.tests.LoginTest -->
