<?xml version="1.0" encoding="UTF-8"?>
<!-- Generated by org.testng.reporters.JUnitReportReporter -->
<testsuite skipped="0" hostname="MX-60010073" name="fr.mutex.qualif.espaceemployeur.test3" tests="1" failures="0" timestamp="2020-04-14T23:51:03 CEST" time="7.849" errors="0">
  <testcase name="amazon2" time="7.849" classname="fr.mutex.qualif.espaceemployeur.test3"/>
  <system-out/>
</testsuite> <!-- fr.mutex.qualif.espaceemployeur.test3 -->
