<?xml version="1.0" encoding="UTF-8"?>
<!-- Generated by org.testng.reporters.JUnitReportReporter -->
<testsuite skipped="1" hostname="MX-60010073" name="fr.mutex.qualif.espaceemployeur.EESoDig55" tests="2" failures="0" timestamp="2020-04-13T02:20:28 CEST" time="186.597" errors="0">
  <testcase name="SoDig55" time="77.951" classname="fr.mutex.qualif.espaceemployeur.EESoDig55"/>
  <system-out/>
  <testcase name="SoDig55" time="108.646" classname="fr.mutex.qualif.espaceemployeur.EESoDig55">
    <skipped/>
  </testcase> <!-- SoDig55 -->
  <system-out/>
</testsuite> <!-- fr.mutex.qualif.espaceemployeur.EESoDig55 -->
