<?xml version="1.0" encoding="UTF-8"?>
<!-- Generated by org.testng.reporters.JUnitReportReporter -->
<testsuite skipped="0" hostname="MX-60010073" name="fr.mutex.qualif.espaceemployeur.EESoDig55" tests="1" failures="0" timestamp="2020-04-14T12:11:24 CEST" time="102.997" errors="0">
  <testcase name="SoDig55" time="102.997" classname="fr.mutex.qualif.espaceemployeur.EESoDig55"/>
  <system-out/>
</testsuite> <!-- fr.mutex.qualif.espaceemployeur.EESoDig55 -->
