<?xml version="1.0" encoding="UTF-8"?>
<!-- Generated by org.testng.reporters.JUnitReportReporter -->
<testsuite skipped="0" hostname="MX-60010073" name="fr.mutex.qualif.espaceemployeur.LoginTest" tests="1" failures="0" timestamp="2020-03-29T06:49:51 CEST" time="117.364" errors="0">
  <testcase name="loginCorrectCredentialsTest" time="117.364" classname="fr.mutex.qualif.espaceemployeur.LoginTest"/>
</testsuite> <!-- fr.mutex.qualif.espaceemployeur.LoginTest -->
