<?xml version="1.0" encoding="UTF-8"?>
<!-- Generated by org.testng.reporters.JUnitReportReporter -->
<testsuite skipped="0" hostname="MX-60010073" name="fr.mutex.qualif.espaceemployeur.test2" tests="1" failures="0" timestamp="2020-04-15T00:03:01 CEST" time="17.218" errors="0">
  <testcase name="amazon1" time="17.218" classname="fr.mutex.qualif.espaceemployeur.test2"/>
  <system-out/>
</testsuite> <!-- fr.mutex.qualif.espaceemployeur.test2 -->
