<?xml version="1.0" encoding="UTF-8"?>
<!-- Generated by org.testng.reporters.JUnitReportReporter -->
<testsuite skipped="0" hostname="MX-60010073" name="fr.mutex.qualif.espaceemployeur.TestNGAnnotations" tests="2" failures="0" timestamp="14 avr. 2020 10:02:24 GMT" time="0.123" errors="0">
  <testcase name="test1" time="0.119" classname="fr.mutex.qualif.espaceemployeur.TestNGAnnotations"/>
  <testcase name="test2" time="0.004" classname="fr.mutex.qualif.espaceemployeur.TestNGAnnotations"/>
</testsuite> <!-- fr.mutex.qualif.espaceemployeur.TestNGAnnotations -->
