<?xml version="1.0" encoding="UTF-8"?>
<testsuite xmlns:xsi="http://www.w3.org/2001/XMLSchema-instance" xsi:noNamespaceSchemaLocation="https://maven.apache.org/surefire/maven-surefire-plugin/xsd/surefire-test-report.xsd" name="TestSuite" time="3.891" tests="2" errors="0" skipped="0" failures="0">
  <properties>
    <property name="java.runtime.name" value="Java(TM) SE Runtime Environment"/>
    <property name="sun.boot.library.path" value="C:\tools\java-1.8.0_x64\jre\bin"/>
    <property name="java.vm.version" value="25.192-b12"/>
    <property name="java.vm.vendor" value="Oracle Corporation"/>
    <property name="maven.multiModuleProjectDirectory" value="C:\Users\achaouch\git\EEDIGITAL\EE_v02_05_clone"/>
    <property name="java.vendor.url" value="http://java.oracle.com/"/>
    <property name="path.separator" value=";"/>
    <property name="guice.disable.misplaced.annotation.check" value="true"/>
    <property name="java.vm.name" value="Java HotSpot(TM) 64-Bit Server VM"/>
    <property name="file.encoding.pkg" value="sun.io"/>
    <property name="user.script" value=""/>
    <property name="user.country" value="FR"/>
    <property name="sun.java.launcher" value="SUN_STANDARD"/>
    <property name="sun.os.patch.level" value="Service Pack 1"/>
    <property name="java.vm.specification.name" value="Java Virtual Machine Specification"/>
    <property name="user.dir" value="C:\Users\achaouch\git\EEDIGITAL\EE_v02_05_clone"/>
    <property name="java.runtime.version" value="1.8.0_192-b12"/>
    <property name="java.awt.graphicsenv" value="sun.awt.Win32GraphicsEnvironment"/>
    <property name="java.endorsed.dirs" value="C:\tools\java-1.8.0_x64\jre\lib\endorsed"/>
    <property name="os.arch" value="amd64"/>
    <property name="java.io.tmpdir" value="C:\Users\achaouch\AppData\Local\Temp\"/>
    <property name="line.separator" value="&#10;"/>
    <property name="java.vm.specification.vendor" value="Oracle Corporation"/>
    <property name="user.variant" value=""/>
    <property name="os.name" value="Windows 7"/>
    <property name="classworlds.conf" value="C:\Users\achaouch\E2018\.metadata\.plugins\org.eclipse.m2e.launching\launches\m2conf4923649645850858100.tmp"/>
    <property name="sun.jnu.encoding" value="Cp1252"/>
    <property name="java.library.path" value="C:\tools\java-1.8.0_x64\bin;C:\windows\Sun\Java\bin;C:\windows\system32;C:\windows;C:/tools/java-1.8.0_x64/bin/../jre/bin/server;C:/tools/java-1.8.0_x64/bin/../jre/bin;C:/tools/java-1.8.0_x64/bin/../jre/lib/amd64;C:\windows\system32;C:\windows;C:\windows\System32\Wbem;C:\windows\System32\WindowsPowerShell\v1.0\;C:\Program Files\NetIQ\SecureLogin\\Win32;C:\Program Files\NetIQ\SecureLogin\;C:\Program Files (x86)\Novell\ZENworks\bin;C:\Program Files\Lenovo\Touch Fingerprint Software\;C:\Program Files (x86)\Lenovo\Access Connections\;C:\Program Files (x86)\Airtame;C:\tools\java-1.8.0_x64\bin;C:\Users\achaouch\Documents\JEE\apache-maven-3.0.4\bin;C:\Users\achaouch\Documents\JEE\allure-2.10.0\bin;C:\dev\eclipse-jee-2018-12-R-win32-x86_64;;."/>
    <property name="java.specification.name" value="Java Platform API Specification"/>
    <property name="java.class.version" value="52.0"/>
    <property name="sun.management.compiler" value="HotSpot 64-Bit Tiered Compilers"/>
    <property name="os.version" value="6.1"/>
    <property name="user.home" value="C:\Users\achaouch"/>
    <property name="user.timezone" value="Europe/Paris"/>
    <property name="java.awt.printerjob" value="sun.awt.windows.WPrinterJob"/>
    <property name="java.specification.version" value="1.8"/>
    <property name="file.encoding" value="Cp1252"/>
    <property name="user.name" value="Achaouch"/>
    <property name="java.class.path" value="C:\dev\eclipse-jee-2018-12-R-win32-x86_64\plugins\org.eclipse.m2e.maven.runtime_1.10.0.20181127-2120\jars\plexus-classworlds-2.5.2.jar"/>
    <property name="java.vm.specification.version" value="1.8"/>
    <property name="sun.arch.data.model" value="64"/>
    <property name="java.home" value="C:\tools\java-1.8.0_x64\jre"/>
    <property name="sun.java.command" value="org.codehaus.plexus.classworlds.launcher.Launcher -B install"/>
    <property name="java.specification.vendor" value="Oracle Corporation"/>
    <property name="user.language" value="fr"/>
    <property name="awt.toolkit" value="sun.awt.windows.WToolkit"/>
    <property name="java.vm.info" value="mixed mode"/>
    <property name="java.version" value="1.8.0_192"/>
    <property name="java.ext.dirs" value="C:\tools\java-1.8.0_x64\jre\lib\ext;C:\windows\Sun\Java\lib\ext"/>
    <property name="sun.boot.class.path" value="C:\tools\java-1.8.0_x64\jre\lib\resources.jar;C:\tools\java-1.8.0_x64\jre\lib\rt.jar;C:\tools\java-1.8.0_x64\jre\lib\sunrsasign.jar;C:\tools\java-1.8.0_x64\jre\lib\jsse.jar;C:\tools\java-1.8.0_x64\jre\lib\jce.jar;C:\tools\java-1.8.0_x64\jre\lib\charsets.jar;C:\tools\java-1.8.0_x64\jre\lib\jfr.jar;C:\tools\java-1.8.0_x64\jre\classes"/>
    <property name="java.vendor" value="Oracle Corporation"/>
    <property name="maven.home" value="C:\Users\achaouch\git\EEDIGITAL\EE_v02_05_clone\EMBEDDED"/>
    <property name="file.separator" value="\"/>
    <property name="java.vendor.url.bug" value="http://bugreport.sun.com/bugreport/"/>
    <property name="sun.cpu.endian" value="little"/>
    <property name="sun.io.unicode.encoding" value="UnicodeLittle"/>
    <property name="sun.desktop" value="windows"/>
    <property name="sun.cpu.isalist" value="amd64"/>
  </properties>
  <testcase name="test1" classname="fr.mutex.qualif.espaceemployeur.TestNGAnnotations" time="0.193"/>
  <testcase name="test2" classname="fr.mutex.qualif.espaceemployeur.TestNGAnnotations" time="0.003"/>
</testsuite>